[stopper] No fail event was generated for +!start[source(self)]
[stopper] Found a goal for which there is no relevant plan:+!start[source(self)]
[guardian] [3,0,0,0]
[guardian] [2,1,0,0]
[guardian] [1,2,0,0]
[guardian] [0,3,0,0]
[SecurityEnvironment] 72
[SecurityEnvironment] 1,2,3,1,3.6000000000000005,-1.8000000000000003
[SecurityEnvironment] 2,2,1,1,-0.7999999999999998,0.3999999999999999
[SecurityEnvironment] 3,1,2,1,-0.7999999999999998,0.7999999999999998
[SecurityEnvironment] 4,1,2,1,-0.7999999999999998,0.7999999999999998
[SecurityEnvironment] 5,1,2,1,-0.7999999999999998,0.7999999999999998
[SecurityEnvironment] 6,1,2,1,-0.7999999999999998,0.7999999999999998
[SecurityEnvironment] 7,2,2,1,0.7999999999999998,-0.3999999999999999
[SecurityEnvironment] 8,1,1,1,-1.0,1.0
[SecurityEnvironment] 9,2,2,1,0.7999999999999998,-0.3999999999999999
[SecurityEnvironment] 10,1,3,1,0.0,0.0
[SecurityEnvironment] 11,2,2,1,0.7999999999999998,-0.3999999999999999
[SecurityEnvironment] 12,1,2,1,-0.7999999999999998,0.7999999999999998
[SecurityEnvironment] 13,2,1,1,-0.7999999999999998,0.3999999999999999
[SecurityEnvironment] 14,1,2,1,-0.7999999999999998,0.7999999999999998
[SecurityEnvironment] 15,2,3,1,3.6000000000000005,-1.8000000000000003
[SecurityEnvironment] 16,2,2,1,0.7999999999999998,-0.3999999999999999
[SecurityEnvironment] 17,2,1,1,-0.7999999999999998,0.3999999999999999
[SecurityEnvironment] 18,1,2,1,-0.7999999999999998,0.7999999999999998
[SecurityEnvironment] 19,2,1,1,-0.7999999999999998,0.3999999999999999
[SecurityEnvironment] 20,2,2,1,0.7999999999999998,-0.3999999999999999
[SecurityEnvironment] 21,2,2,1,0.7999999999999998,-0.3999999999999999
[SecurityEnvironment] 22,2,2,1,0.7999999999999998,-0.3999999999999999
[SecurityEnvironment] 23,1,2,1,-0.7999999999999998,0.7999999999999998
[SecurityEnvironment] 24,1,2,2,-0.7999999999999998,0.7999999999999998
[SecurityEnvironment] 25,1,2,2,-0.7999999999999998,0.7999999999999998
[SecurityEnvironment] 26,2,1,2,1.2000000000000002,-0.6000000000000001
[SecurityEnvironment] 27,1,2,1,-0.7999999999999998,0.7999999999999998
[SecurityEnvironment] 28,1,2,2,-0.7999999999999998,0.7999999999999998
[SecurityEnvironment] 29,2,2,2,0.7999999999999998,-0.3999999999999999
[SecurityEnvironment] 30,1,2,1,-0.7999999999999998,0.7999999999999998
[SecurityEnvironment] 31,2,2,1,0.7999999999999998,-0.3999999999999999
[SecurityEnvironment] 32,1,1,2,0.0,0.0
[SecurityEnvironment] 33,2,1,1,-0.7999999999999998,0.3999999999999999
[SecurityEnvironment] 34,2,2,1,0.7999999999999998,-0.3999999999999999
[SecurityEnvironment] 35,2,2,1,0.7999999999999998,-0.3999999999999999
[SecurityEnvironment] 36,2,3,1,3.6000000000000005,-1.8000000000000003
[SecurityEnvironment] 37,1,1,2,0.0,0.0
[SecurityEnvironment] 38,1,1,1,-1.0,1.0
[SecurityEnvironment] 39,1,3,1,0.0,0.0
[SecurityEnvironment] 40,2,2,2,0.7999999999999998,-0.3999999999999999
[SecurityEnvironment] 41,2,3,2,-2.399999999999999,1.1999999999999995
[SecurityEnvironment] 42,2,3,1,3.6000000000000005,-1.8000000000000003
[SecurityEnvironment] 43,1,2,1,-0.7999999999999998,0.7999999999999998
[SecurityEnvironment] 44,1,1,2,0.0,0.0
[SecurityEnvironment] 45,2,3,1,3.6000000000000005,-1.8000000000000003
[SecurityEnvironment] 46,2,3,2,-2.399999999999999,1.1999999999999995
[SecurityEnvironment] 47,2,2,2,0.7999999999999998,-0.3999999999999999
[SecurityEnvironment] 48,1,3,2,-3.0,3.0
[SecurityEnvironment] 49,1,1,1,-1.0,1.0
[SecurityEnvironment] 50,1,1,2,0.0,0.0
[SecurityEnvironment] 51,1,1,2,0.0,0.0
[SecurityEnvironment] 52,1,1,2,0.0,0.0
[SecurityEnvironment] 53,1,1,1,-1.0,1.0
[SecurityEnvironment] 54,2,3,2,-2.399999999999999,1.1999999999999995
[SecurityEnvironment] 55,2,1,2,1.2000000000000002,-0.6000000000000001
[SecurityEnvironment] 56,2,3,2,-2.399999999999999,1.1999999999999995
[SecurityEnvironment] 57,2,1,1,-0.7999999999999998,0.3999999999999999
[SecurityEnvironment] 58,1,2,1,-0.7999999999999998,0.7999999999999998
[SecurityEnvironment] 59,1,1,2,0.0,0.0
[SecurityEnvironment] 60,1,1,1,-1.0,1.0
[SecurityEnvironment] 61,1,1,2,0.0,0.0
[SecurityEnvironment] 62,1,2,2,-0.7999999999999998,0.7999999999999998
[SecurityEnvironment] 63,2,3,2,-2.399999999999999,1.1999999999999995
[SecurityEnvironment] 64,2,3,2,-2.399999999999999,1.1999999999999995
[SecurityEnvironment] 65,1,1,2,0.0,0.0
[SecurityEnvironment] 66,2,3,2,-2.399999999999999,1.1999999999999995
[SecurityEnvironment] 67,1,2,2,-0.7999999999999998,0.7999999999999998
[SecurityEnvironment] 68,1,1,2,0.0,0.0
[SecurityEnvironment] 69,2,2,2,0.7999999999999998,-0.3999999999999999
[SecurityEnvironment] 70,1,3,2,-3.0,3.0
[SecurityEnvironment] 71,2,3,2,-2.399999999999999,1.1999999999999995
[SecurityEnvironment] 72,2,2,2,0.7999999999999998,-0.3999999999999999
